\BOOKMARK [0][-]{section*.4}{摘 要}{}% 1
\BOOKMARK [0][-]{section*.5}{ABSTRACT}{}% 2
\BOOKMARK [0][-]{chapter.1}{绪论}{}% 3
\BOOKMARK [1][-]{section.1.1}{研究背景}{chapter.1}% 4
\BOOKMARK [1][-]{section.1.2}{研究现状}{chapter.1}% 5
\BOOKMARK [2][-]{subsection.1.2.1}{关系强度的研究现状}{section.1.2}% 6
\BOOKMARK [2][-]{subsection.1.2.2}{基于移动数据人际关系度量研究}{section.1.2}% 7
\BOOKMARK [2][-]{subsection.1.2.3}{基于移动轨迹数据的关系度量研究}{section.1.2}% 8
\BOOKMARK [1][-]{section.1.3}{研究内容}{chapter.1}% 9
\BOOKMARK [1][-]{section.1.4}{论文结构}{chapter.1}% 10
\BOOKMARK [0][-]{chapter.2}{相关技术研究}{}% 11
\BOOKMARK [1][-]{section.2.1}{用户轨迹预处理}{chapter.2}% 12
\BOOKMARK [2][-]{subsection.2.1.1}{滤波算法}{section.2.1}% 13
\BOOKMARK [2][-]{subsection.2.1.2}{轨迹停留点检测}{section.2.1}% 14
\BOOKMARK [2][-]{subsection.2.1.3}{聚类算法}{section.2.1}% 15
\BOOKMARK [1][-]{section.2.2}{时间序列相似度度量方法及序列熵值}{chapter.2}% 16
\BOOKMARK [2][-]{subsection.2.2.1}{编辑距离}{section.2.2}% 17
\BOOKMARK [2][-]{subsection.2.2.2}{Dynamic\040Time\040Warping}{section.2.2}% 18
\BOOKMARK [2][-]{subsection.2.2.3}{序列熵值}{section.2.2}% 19
\BOOKMARK [1][-]{section.2.3}{自然语言处理模型}{chapter.2}% 20
\BOOKMARK [2][-]{subsection.2.3.1}{Latent\040Dirichlet\040Allocation}{section.2.3}% 21
\BOOKMARK [2][-]{subsection.2.3.2}{word2vec}{section.2.3}% 22
\BOOKMARK [1][-]{section.2.4}{小结}{chapter.2}% 23
\BOOKMARK [0][-]{chapter.3}{用户关系强度层级投票模型框架}{}% 24
\BOOKMARK [1][-]{section.3.1}{模型框架描述}{chapter.3}% 25
\BOOKMARK [2][-]{subsection.3.1.1}{SASLL系统概述}{section.3.1}% 26
\BOOKMARK [2][-]{subsection.3.1.2}{用户关系强度计算模型概述}{section.3.1}% 27
\BOOKMARK [1][-]{section.3.2}{模型完整流程描述}{chapter.3}% 28
\BOOKMARK [0][-]{chapter.4}{GPS数据处理及语义标签标注技术}{}% 29
\BOOKMARK [1][-]{section.4.1}{SASLL标注技术}{chapter.4}% 30
\BOOKMARK [1][-]{section.4.2}{计算对应语义位置}{chapter.4}% 31
\BOOKMARK [2][-]{subsection.4.2.1}{降低数据噪声}{section.4.2}% 32
\BOOKMARK [2][-]{subsection.4.2.2}{剔除路上的点}{section.4.2}% 33
\BOOKMARK [2][-]{subsection.4.2.3}{聚类得到语义位置}{section.4.2}% 34
\BOOKMARK [1][-]{section.4.3}{对语义位置标语义标签}{chapter.4}% 35
\BOOKMARK [2][-]{subsection.4.3.1}{发现新位置}{section.4.3}% 36
\BOOKMARK [2][-]{subsection.4.3.2}{新位置语义标签提示}{section.4.3}% 37
\BOOKMARK [1][-]{section.4.4}{小结}{chapter.4}% 38
\BOOKMARK [0][-]{chapter.5}{用户关系强度计算方法}{}% 39
\BOOKMARK [1][-]{section.5.1}{用户关系强度计算方法概述}{chapter.5}% 40
\BOOKMARK [1][-]{section.5.2}{输入数据准备}{chapter.5}% 41
\BOOKMARK [2][-]{subsection.5.2.1}{轨迹数据的处理与准备}{section.5.2}% 42
\BOOKMARK [2][-]{subsection.5.2.2}{语义位置数据的处理与准备}{section.5.2}% 43
\BOOKMARK [2][-]{subsection.5.2.3}{语义标签数据的处理与准备}{section.5.2}% 44
\BOOKMARK [1][-]{section.5.3}{关系强度计算}{chapter.5}% 45
\BOOKMARK [2][-]{subsection.5.3.1}{基于原始轨迹数据的关系强度计算}{section.5.3}% 46
\BOOKMARK [2][-]{subsection.5.3.2}{基于主题模型的关系强度计算}{section.5.3}% 47
\BOOKMARK [2][-]{subsection.5.3.3}{结果投票}{section.5.3}% 48
\BOOKMARK [1][-]{section.5.4}{小结}{chapter.5}% 49
\BOOKMARK [0][-]{chapter.6}{数据集、评估方法及实验结果}{}% 50
\BOOKMARK [1][-]{section.6.1}{数据集}{chapter.6}% 51
\BOOKMARK [1][-]{section.6.2}{评估方法}{chapter.6}% 52
\BOOKMARK [2][-]{subsection.6.2.1}{构造真实结果}{section.6.2}% 53
\BOOKMARK [2][-]{subsection.6.2.2}{评估方法}{section.6.2}% 54
\BOOKMARK [1][-]{section.6.3}{实验结果与分析}{chapter.6}% 55
\BOOKMARK [1][-]{section.6.4}{小结}{chapter.6}% 56
\BOOKMARK [0][-]{chapter.7}{结束语}{}% 57
\BOOKMARK [1][-]{section.7.1}{工作总结}{chapter.7}% 58
\BOOKMARK [1][-]{section.7.2}{工作展望}{chapter.7}% 59
\BOOKMARK [0][-]{chapter*.73}{致谢}{}% 60
\BOOKMARK [0][-]{section*.74}{参考文献}{}% 61
\BOOKMARK [0][-]{chapter*.76}{作者在学期间取得的学术成果}{}% 62
