This is XeTeX, Version 3.1415926-2.3-0.9997.5 (MiKTeX 2.9) (preloaded format=xelatex 2016.1.8)  3 OCT 2016 17:49
entering extended mode
**thesis
(E:\Research_Study\nudtPaper\thesis.tex
LaTeX2e <2011/06/27>
Babel <v3.8m> and hyphenation patterns for loaded.
(E:\Research_Study\nudtPaper\nudtpaper.cls
Document Class: nudtpaper 2011/07/17 v2.2 NUDT paper template
(G:\CTEX\MiKTeX\tex\latex\base\ifthen.sty
Package: ifthen 2001/05/26 v1.1c Standard LaTeX ifthen package (DPC)
)
(G:\CTEX\MiKTeX\tex\latex\tools\calc.sty
Package: calc 2007/08/22 v4.3 Infix arithmetic (KKT,FJ)
\calc@Acount=\count80
\calc@Bcount=\count81
\calc@Adimen=\dimen102
\calc@Bdimen=\dimen103
\calc@Askip=\skip41
\calc@Bskip=\skip42
LaTeX Info: Redefining \setlength on input line 76.
LaTeX Info: Redefining \addtolength on input line 77.
\calc@Ccount=\count82
\calc@Cskip=\skip43
)
(G:\CTEX\MiKTeX\tex\latex\base\book.cls
Document Class: book 2007/10/19 v1.4h Standard LaTeX document class
(G:\CTEX\MiKTeX\tex\latex\base\bk12.clo
File: bk12.clo 2007/10/19 v1.4h Standard LaTeX file (size option)
)
\c@part=\count83
\c@chapter=\count84
\c@section=\count85
\c@subsection=\count86
\c@subsubsection=\count87
\c@paragraph=\count88
\c@subparagraph=\count89
\c@figure=\count90
\c@table=\count91
\abovecaptionskip=\skip44
\belowcaptionskip=\skip45
\bibindent=\dimen104
)
(G:\CTEX\MiKTeX\tex\latex\geometry\geometry.sty
Package: geometry 2010/09/12 v5.6 Page Geometry

(G:\CTEX\MiKTeX\tex\latex\graphics\keyval.sty
Package: keyval 1999/03/16 v1.13 key=value parser (DPC)
\KV@toks@=\toks14
)
(G:\CTEX\MiKTeX\tex\generic\oberdiek\ifpdf.sty
Package: ifpdf 2011/01/30 v2.3 Provides the ifpdf switch (HO)
Package ifpdf Info: pdfTeX in PDF mode is not detected.
)
(G:\CTEX\MiKTeX\tex\generic\oberdiek\ifvtex.sty
Package: ifvtex 2010/03/01 v1.5 Switches for detecting VTeX and its modes (HO)
Package ifvtex Info: VTeX not detected.
)
(G:\CTEX\MiKTeX\tex\generic\ifxetex\ifxetex.sty
Package: ifxetex 2010/09/12 v0.6 Provides ifxetex conditional
)
\Gm@cnth=\count92
\Gm@cntv=\count93
\c@Gm@tempcnt=\count94
\Gm@bindingoffset=\dimen105
\Gm@wd@mp=\dimen106
\Gm@odd@mp=\dimen107
\Gm@even@mp=\dimen108
\Gm@layoutwidth=\dimen109
\Gm@layoutheight=\dimen110
\Gm@layouthoffset=\dimen111
\Gm@layoutvoffset=\dimen112
\Gm@dimlist=\toks15

(G:\CTEX\MiKTeX\tex\xelatex\xetexconfig\geometry.cfg))
(G:\CTEX\UserData\tex\latex\titlesec\titlesec.sty
Package: titlesec 2011/12/15 v2.10.0 Sectioning titles
\ttl@box=\box26
\beforetitleunit=\skip46
\aftertitleunit=\skip47
\ttl@plus=\dimen113
\ttl@minus=\dimen114
\ttl@toksa=\toks16
\titlewidth=\dimen115
\titlewidthlast=\dimen116
\titlewidthfirst=\dimen117

(G:\CTEX\UserData\tex\latex\titlesec\ttlps.def
File: ttlps.def 2011/12/15
))
(G:\CTEX\UserData\tex\latex\titlesec\titletoc.sty
Package: titletoc 2011/12/15 v1.6 TOC entries
\ttl@leftsep=\dimen118
)
(G:\CTEX\MiKTeX\tex\latex\graphics\graphicx.sty
Package: graphicx 1999/02/16 v1.0f Enhanced LaTeX Graphics (DPC,SPQR)

(G:\CTEX\MiKTeX\tex\latex\graphics\graphics.sty
Package: graphics 2009/02/05 v1.0o Standard LaTeX Graphics (DPC,SPQR)

(G:\CTEX\MiKTeX\tex\latex\graphics\trig.sty
Package: trig 1999/03/16 v1.09 sin cos tan (DPC)
)
(G:\CTEX\MiKTeX\tex\latex\00miktex\graphics.cfg
File: graphics.cfg 2007/01/18 v1.5 graphics configuration of teTeX/TeXLive
)
Package graphics Info: Driver file: xetex.def on input line 91.

(G:\CTEX\MiKTeX\tex\xelatex\xetex-def\xetex.def
File: xetex.def 2009/11/22 v0.94 LaTeX color/graphics driver for XeTeX (RRM/JK)

))
\Gin@req@height=\dimen119
\Gin@req@width=\dimen120
)
(G:\CTEX\UserData\tex\latex\subfig\subfig.sty
Package: subfig 2005/06/28 ver: 1.3 subfig package

(G:\CTEX\UserData\tex\latex\caption\caption.sty
Package: caption 2015/09/17 v3.3-111 Customizing captions (AR)

(G:\CTEX\UserData\tex\latex\caption\caption3.sty
Package: caption3 2015/09/20 v1.7-115 caption3 kernel (AR)
Package caption3 Info: TeX engine: e-TeX on input line 57.
\captionmargin=\dimen121
\captionmargin@=\dimen122
\captionwidth=\dimen123
\caption@tempdima=\dimen124
\caption@indent=\dimen125
\caption@parindent=\dimen126
\caption@hangindent=\dimen127
)
\c@ContinuedFloat=\count95
)
\c@KVtest=\count96
\sf@farskip=\skip48
\sf@captopadj=\dimen128
\sf@capskip=\skip49
\sf@nearskip=\skip50


Package subfig Warning: Configuration file subfig.cfg not found on input line 2
97.

\c@subfigure=\count97
\c@subfigure@save=\count98
\c@lofdepth=\count99
\c@subtable=\count100
\c@subtable@save=\count101
\c@lotdepth=\count102
\sf@top=\skip51
\sf@bottom=\skip52
) (G:\CTEX\MiKTeX\tex\latex\float\float.sty
Package: float 2001/11/08 v1.3d Float enhancements (AL)
\c@float@type=\count103
\float@exts=\toks17
\float@box=\box27
\@float@everytoks=\toks18
\@floatcapt=\box28
)
(G:\CTEX\MiKTeX\tex\latex\tools\array.sty
Package: array 2008/09/09 v2.4c Tabular extension package (FMi)
\col@sep=\dimen129
\extrarowheight=\dimen130
\NC@list=\toks19
\extratabsurround=\skip53
\backup@length=\skip54
)
(G:\CTEX\MiKTeX\tex\latex\tools\longtable.sty
Package: longtable 2004/02/01 v4.11 Multi-page Table package (DPC)
\LTleft=\skip55
\LTright=\skip56
\LTpre=\skip57
\LTpost=\skip58
\LTchunksize=\count104
\LTcapwidth=\dimen131
\LT@head=\box29
\LT@firsthead=\box30
\LT@foot=\box31
\LT@lastfoot=\box32
\LT@cols=\count105
\LT@rows=\count106
\c@LT@tables=\count107
\c@LT@chunks=\count108
\LT@p@ftn=\toks20
)
(G:\CTEX\UserData\tex\latex\booktabs\booktabs.sty
Package: booktabs 2005/04/14 v1.61803 publication quality tables
\heavyrulewidth=\dimen132
\lightrulewidth=\dimen133
\cmidrulewidth=\dimen134
\belowrulesep=\dimen135
\belowbottomsep=\dimen136
\aboverulesep=\dimen137
\abovetopsep=\dimen138
\cmidrulesep=\dimen139
\cmidrulekern=\dimen140
\defaultaddspace=\dimen141
\@cmidla=\count109
\@cmidlb=\count110
\@aboverulesep=\dimen142
\@belowrulesep=\dimen143
\@thisruleclass=\count111
\@lastruleclass=\count112
\@thisrulewidth=\dimen144
)
(G:\CTEX\MiKTeX\tex\latex\multirow\multirow.sty
\bigstrutjot=\dimen145
)
(G:\CTEX\MiKTeX\tex\latex\tools\tabularx.sty
Package: tabularx 1999/01/07 v2.07 `tabularx' package (DPC)
\TX@col@width=\dimen146
\TX@old@table=\dimen147
\TX@old@col=\dimen148
\TX@target=\dimen149
\TX@delta=\dimen150
\TX@cols=\count113
\TX@ftn=\toks21
)
(E:\Research_Study\nudtPaper\slashbox.sty
slashbox style by K.Yasuoka, May 1993.
\@slashboxa=\box33
\@slashboxb=\box34
\@slashboxc=\box35
\@slashboxwd=\count114
\@slashboxht=\count115
\@slashsepl=\dimen151
\@slashsepr=\dimen152
) (G:\CTEX\UserData\tex\latex\paralist\paralist.sty
Package: paralist 2016/08/07 v2.6 Extended list environments
\pltopsep=\skip59
\plpartopsep=\skip60
\plitemsep=\skip61
\plparsep=\skip62
\pl@lab=\toks22
)
(G:\CTEX\UserData\tex\latex\xcolor\xcolor.sty
Package: xcolor 2007/01/21 v2.11 LaTeX color extensions (UK)

(G:\CTEX\MiKTeX\tex\latex\00miktex\color.cfg
File: color.cfg 2007/01/18 v1.5 color configuration of teTeX/TeXLive
)
Package xcolor Info: Driver file: xetex.def on input line 225.
Package xcolor Info: Model `cmy' substituted by `cmy0' on input line 1337.
Package xcolor Info: Model `RGB' extended on input line 1353.
Package xcolor Info: Model `HTML' substituted by `rgb' on input line 1355.
Package xcolor Info: Model `Hsb' substituted by `hsb' on input line 1356.
Package xcolor Info: Model `tHsb' substituted by `hsb' on input line 1357.
Package xcolor Info: Model `HSB' substituted by `hsb' on input line 1358.
Package xcolor Info: Model `Gray' substituted by `gray' on input line 1359.
Package xcolor Info: Model `wave' substituted by `hsb' on input line 1360.
)
(G:\CTEX\MiKTeX\tex\latex\ams\math\amsmath.sty
Package: amsmath 2000/07/18 v2.13 AMS math features
\@mathmargin=\skip63

For additional information on amsmath, use the `?' option.
(G:\CTEX\MiKTeX\tex\latex\ams\math\amstext.sty
Package: amstext 2000/06/29 v2.01

(G:\CTEX\MiKTeX\tex\latex\ams\math\amsgen.sty
File: amsgen.sty 1999/11/30 v2.0
\@emptytoks=\toks23
\ex@=\dimen153
))
(G:\CTEX\MiKTeX\tex\latex\ams\math\amsbsy.sty
Package: amsbsy 1999/11/29 v1.2d
\pmbraise@=\dimen154
)
(G:\CTEX\MiKTeX\tex\latex\ams\math\amsopn.sty
Package: amsopn 1999/12/14 v2.01 operator names
)
\inf@bad=\count116
LaTeX Info: Redefining \frac on input line 211.
\uproot@=\count117
\leftroot@=\count118
LaTeX Info: Redefining \overline on input line 307.
\classnum@=\count119
\DOTSCASE@=\count120
LaTeX Info: Redefining \ldots on input line 379.
LaTeX Info: Redefining \dots on input line 382.
LaTeX Info: Redefining \cdots on input line 467.
\Mathstrutbox@=\box36
\strutbox@=\box37
\big@size=\dimen155
LaTeX Font Info:    Redeclaring font encoding OML on input line 567.
LaTeX Font Info:    Redeclaring font encoding OMS on input line 568.
\macc@depth=\count121
\c@MaxMatrixCols=\count122
\dotsspace@=\muskip10
\c@parentequation=\count123
\dspbrk@lvl=\count124
\tag@help=\toks24
\row@=\count125
\column@=\count126
\maxfields@=\count127
\andhelp@=\toks25
\eqnshift@=\dimen156
\alignsep@=\dimen157
\tagshift@=\dimen158
\tagwidth@=\dimen159
\totwidth@=\dimen160
\lineht@=\dimen161
\@envbody=\toks26
\multlinegap=\skip64
\multlinetaggap=\skip65
\mathdisplay@stack=\toks27
LaTeX Info: Redefining \[ on input line 2666.
LaTeX Info: Redefining \] on input line 2667.
)
(G:\CTEX\MiKTeX\tex\latex\amsfonts\amssymb.sty
Package: amssymb 2009/06/22 v3.00

(G:\CTEX\MiKTeX\tex\latex\amsfonts\amsfonts.sty
Package: amsfonts 2009/06/22 v3.00 Basic AMSFonts support
\symAMSa=\mathgroup4
\symAMSb=\mathgroup5
LaTeX Font Info:    Overwriting math alphabet `\mathfrak' in version `bold'
(Font)                  U/euf/m/n --> U/euf/b/n on input line 96.
))
(G:\CTEX\UserData\tex\latex\txfonts\txfonts.sty
Package: txfonts 2008/01/22 v3.2.1
LaTeX Font Info:    Redeclaring symbol font `operators' on input line 21.
LaTeX Font Info:    Overwriting symbol font `operators' in version `normal'
(Font)                  OT1/cmr/m/n --> OT1/txr/m/n on input line 21.
LaTeX Font Info:    Overwriting symbol font `operators' in version `bold'
(Font)                  OT1/cmr/bx/n --> OT1/txr/m/n on input line 21.
LaTeX Font Info:    Overwriting symbol font `operators' in version `bold'
(Font)                  OT1/txr/m/n --> OT1/txr/bx/n on input line 22.
\symitalic=\mathgroup6
LaTeX Font Info:    Overwriting symbol font `italic' in version `bold'
(Font)                  OT1/txr/m/it --> OT1/txr/bx/it on input line 26.
LaTeX Font Info:    Redeclaring math alphabet \mathbf on input line 29.
LaTeX Font Info:    Overwriting math alphabet `\mathbf' in version `normal'
(Font)                  OT1/cmr/bx/n --> OT1/txr/bx/n on input line 29.
LaTeX Font Info:    Overwriting math alphabet `\mathbf' in version `bold'
(Font)                  OT1/cmr/bx/n --> OT1/txr/bx/n on input line 29.
LaTeX Font Info:    Redeclaring math alphabet \mathit on input line 30.
LaTeX Font Info:    Overwriting math alphabet `\mathit' in version `normal'
(Font)                  OT1/cmr/m/it --> OT1/txr/m/it on input line 30.
LaTeX Font Info:    Overwriting math alphabet `\mathit' in version `bold'
(Font)                  OT1/cmr/bx/it --> OT1/txr/m/it on input line 30.
LaTeX Font Info:    Overwriting math alphabet `\mathit' in version `bold'
(Font)                  OT1/txr/m/it --> OT1/txr/bx/it on input line 31.
LaTeX Font Info:    Redeclaring math alphabet \mathsf on input line 40.
LaTeX Font Info:    Overwriting math alphabet `\mathsf' in version `normal'
(Font)                  OT1/cmss/m/n --> OT1/txss/m/n on input line 40.
LaTeX Font Info:    Overwriting math alphabet `\mathsf' in version `bold'
(Font)                  OT1/cmss/bx/n --> OT1/txss/m/n on input line 40.
LaTeX Font Info:    Overwriting math alphabet `\mathsf' in version `bold'
(Font)                  OT1/txss/m/n --> OT1/txss/b/n on input line 41.
LaTeX Font Info:    Redeclaring math alphabet \mathtt on input line 50.
LaTeX Font Info:    Overwriting math alphabet `\mathtt' in version `normal'
(Font)                  OT1/cmtt/m/n --> OT1/txtt/m/n on input line 50.
LaTeX Font Info:    Overwriting math alphabet `\mathtt' in version `bold'
(Font)                  OT1/cmtt/m/n --> OT1/txtt/m/n on input line 50.
LaTeX Font Info:    Overwriting math alphabet `\mathtt' in version `bold'
(Font)                  OT1/txtt/m/n --> OT1/txtt/b/n on input line 51.
LaTeX Font Info:    Redeclaring symbol font `letters' on input line 58.
LaTeX Font Info:    Overwriting symbol font `letters' in version `normal'
(Font)                  OML/cmm/m/it --> OML/txmi/m/it on input line 58.
LaTeX Font Info:    Overwriting symbol font `letters' in version `bold'
(Font)                  OML/cmm/b/it --> OML/txmi/m/it on input line 58.
LaTeX Font Info:    Overwriting symbol font `letters' in version `bold'
(Font)                  OML/txmi/m/it --> OML/txmi/bx/it on input line 59.
\symlettersA=\mathgroup7
LaTeX Font Info:    Overwriting symbol font `lettersA' in version `bold'
(Font)                  U/txmia/m/it --> U/txmia/bx/it on input line 67.
LaTeX Font Info:    Redeclaring math alphabet \mathfrak on input line 70.
LaTeX Font Info:    Redeclaring symbol font `symbols' on input line 77.
LaTeX Font Info:    Overwriting symbol font `symbols' in version `normal'
(Font)                  OMS/cmsy/m/n --> OMS/txsy/m/n on input line 77.
LaTeX Font Info:    Overwriting symbol font `symbols' in version `bold'
(Font)                  OMS/cmsy/b/n --> OMS/txsy/m/n on input line 77.
LaTeX Font Info:    Overwriting symbol font `symbols' in version `bold'
(Font)                  OMS/txsy/m/n --> OMS/txsy/bx/n on input line 78.
LaTeX Font Info:    Redeclaring symbol font `AMSa' on input line 93.
LaTeX Font Info:    Overwriting symbol font `AMSa' in version `normal'
(Font)                  U/msa/m/n --> U/txsya/m/n on input line 93.
LaTeX Font Info:    Overwriting symbol font `AMSa' in version `bold'
(Font)                  U/msa/m/n --> U/txsya/m/n on input line 93.
LaTeX Font Info:    Overwriting symbol font `AMSa' in version `bold'
(Font)                  U/txsya/m/n --> U/txsya/bx/n on input line 94.
LaTeX Font Info:    Redeclaring symbol font `AMSb' on input line 102.
LaTeX Font Info:    Overwriting symbol font `AMSb' in version `normal'
(Font)                  U/msb/m/n --> U/txsyb/m/n on input line 102.
LaTeX Font Info:    Overwriting symbol font `AMSb' in version `bold'
(Font)                  U/msb/m/n --> U/txsyb/m/n on input line 102.
LaTeX Font Info:    Overwriting symbol font `AMSb' in version `bold'
(Font)                  U/txsyb/m/n --> U/txsyb/bx/n on input line 103.
\symsymbolsC=\mathgroup8
LaTeX Font Info:    Overwriting symbol font `symbolsC' in version `bold'
(Font)                  U/txsyc/m/n --> U/txsyc/bx/n on input line 113.
LaTeX Font Info:    Redeclaring symbol font `largesymbols' on input line 120.
LaTeX Font Info:    Overwriting symbol font `largesymbols' in version `normal'
(Font)                  OMX/cmex/m/n --> OMX/txex/m/n on input line 120.
LaTeX Font Info:    Overwriting symbol font `largesymbols' in version `bold'
(Font)                  OMX/cmex/m/n --> OMX/txex/m/n on input line 120.
LaTeX Font Info:    Overwriting symbol font `largesymbols' in version `bold'
(Font)                  OMX/txex/m/n --> OMX/txex/bx/n on input line 121.
\symlargesymbolsA=\mathgroup9
LaTeX Font Info:    Overwriting symbol font `largesymbolsA' in version `bold'
(Font)                  U/txexa/m/n --> U/txexa/bx/n on input line 129.
LaTeX Info: Redefining \not on input line 1043.
)
(G:\CTEX\UserData\tex\latex\was\upgreek.sty
Package: upgreek 2003/02/12 v2.0 (WaS)
Package upgreek Info: Using Adobe Symbol, scaled 900, for upright Greek on inpu
t line 85.
\symugrf@m=\mathgroup10
)
(G:\CTEX\MiKTeX\tex\latex\tools\bm.sty
Package: bm 2004/02/26 v1.1c Bold Symbol Support (DPC/FMi)
\symboldoperators=\mathgroup11
\symboldletters=\mathgroup12
\symboldsymbols=\mathgroup13
\symboldlargesymbols=\mathgroup14
LaTeX Font Info:    Redeclaring math alphabet \mathbf on input line 138.
LaTeX Info: Redefining \bm on input line 204.
)
(G:\CTEX\MiKTeX\tex\latex\base\fontenc.sty
Package: fontenc 2005/09/27 v1.99g Standard LaTeX package

(G:\CTEX\MiKTeX\tex\latex\base\t1enc.def
File: t1enc.def 2005/09/27 v1.99g Standard LaTeX file
LaTeX Font Info:    Redeclaring font encoding T1 on input line 43.
))
(G:\CTEX\UserData\tex\latex\ntheorem\ntheorem.sty
Style `ntheorem', Version 1.33 <2011/08/15>
Package: ntheorem 2011/08/15 1.33
\theorem@style=\toks28
\theorem@@style=\toks29
\theorembodyfont=\toks30
\theoremnumbering=\toks31
\theorempreskipamount=\skip66
\theorempostskipamount=\skip67
\theoremframepreskipamount=\skip68
\theoremframepostskipamount=\skip69
\theoreminframepreskipamount=\skip70
\theoreminframepostskipamount=\skip71
\theorem@preskip=\toks32
\theorem@postskip=\toks33
\theorem@framepreskip=\toks34
\theorem@framepostskip=\toks35
\theorem@inframepreskip=\toks36
\theorem@inframepostskip=\toks37
\theoremindent=\dimen162
\theorem@indent=\dimen163
\theoremrightindent=\dimen164
\theorem@rightindent=\dimen165
\theoremheaderfont=\toks38
\theoremseparator=\toks39
\theoremprework=\toks40
\theorempostwork=\toks41
\theoremsymbol=\toks42
\qedsymbol=\toks43
\theoremkeyword=\toks44
\qedsymbol=\toks45
\thm@topsep=\skip72
\thm@topsepadd=\skip73
Package ntheorem Info: Option `thmmarks' loaded on input line 1175.
\c@endNonectr=\count128
\c@currNonectr=\count129
\mysavskip=\skip74
Package ntheorem Info: option `amsmath' handling for `thmmarks' loaded on input
 line 1175.
\thm@amstmpdepth=\dimen166
\tagwidth=\dimen167
) (G:\CTEX\MiKTeX\tex\xelatex\xecjk\xeCJK.sty
Package: xeCJK 2012/01/31 2.4.5 package for typesetting CJK scripts with XeLaTe
X

(G:\CTEX\MiKTeX\tex\latex\xkeyval\xkeyval.sty
Package: xkeyval 2008/08/13 v2.6a package option processing (HA)

(G:\CTEX\MiKTeX\tex\generic\xkeyval\xkeyval.tex
\XKV@toks=\toks46
\XKV@tempa@toks=\toks47
\XKV@depth=\count130
File: xkeyval.tex 2008/08/13 v2.6a key=value parser (HA)
))
(G:\CTEX\MiKTeX\tex\latex\l3kernel\expl3.sty
(G:\CTEX\MiKTeX\tex\latex\l3kernel\l3names.sty
(G:\CTEX\MiKTeX\tex\latex\l3kernel\l3bootstrap.sty
Package: l3bootstrap 2011/12/29 v3110 L3 Experimental bootstrap code
)
Package: l3names 2011/12/30 v3113 L3 Experimental namespace for primitives
)
(G:\CTEX\MiKTeX\tex\latex\misc\etex.sty
Package: etex 1998/03/26 v2.0 eTeX basic definition package (PEB)
\et@xins=\count131
)
Package: expl3 2012/02/26 v3471 L3 Experimental code bundle wrapper

(G:\CTEX\MiKTeX\tex\latex\l3kernel\l3basics.sty
Package: l3basics 2012/02/26 v3460 L3 Experimental basic definitions
)
(G:\CTEX\MiKTeX\tex\latex\l3kernel\l3expan.sty
Package: l3expan 2012/02/26 v3460 L3 Experimental argument expansion
)
(G:\CTEX\MiKTeX\tex\latex\l3kernel\l3tl.sty
Package: l3tl 2012/02/26 v3460 L3 Experimental token lists
)
(G:\CTEX\MiKTeX\tex\latex\l3kernel\l3seq.sty
Package: l3seq 2012/01/09 v3158 L3 Experimental sequences and stacks
)
(G:\CTEX\MiKTeX\tex\latex\l3kernel\l3int.sty
Package: l3int 2012/02/26 v3460 L3 Experimental integers
\c_max_int=\count132
\l_tmpa_int=\count133
\l_tmpb_int=\count134
\l_tmpc_int=\count135
\g_tmpa_int=\count136
\g_tmpb_int=\count137
)
(G:\CTEX\MiKTeX\tex\latex\l3kernel\l3quark.sty
Package: l3quark 2012/02/12 v3384 L3 Experimental quarks
)
(G:\CTEX\MiKTeX\tex\latex\l3kernel\l3prg.sty
Package: l3prg 2012/02/26 v3464 L3 Experimental control structures
\g_prg_map_int=\count138
)
(G:\CTEX\MiKTeX\tex\latex\l3kernel\l3clist.sty
Package: l3clist 2012/02/26 v3460 L3 Experimental comma separated lists
)
(G:\CTEX\MiKTeX\tex\latex\l3kernel\l3token.sty
Package: l3token 2012/02/26 v3460 L3 Experimental token manipulation
)
(G:\CTEX\MiKTeX\tex\latex\l3kernel\l3prop.sty
Package: l3prop 2012/02/26 v3460 L3 Experimental property lists
)
(G:\CTEX\MiKTeX\tex\latex\l3kernel\l3msg.sty
Package: l3msg 2012/02/26 v3470 L3 Experimental messages
)
(G:\CTEX\MiKTeX\tex\latex\l3kernel\l3file.sty
Package: l3file 2012/02/26 v3464 L3 Experimental file and I/O operations
\l_iow_stream_int=\count139
\l_iow_line_length_int=\count140
\l_iow_target_length_int=\count141
\l_iow_current_line_int=\count142
\l_iow_current_word_int=\count143
\l_iow_current_indentation_int=\count144
)
(G:\CTEX\MiKTeX\tex\latex\l3kernel\l3skip.sty
Package: l3skip 2012/02/26 v3460 L3 Experimental dimensions and skips
\l_tmpa_dim=\dimen168
\l_tmpb_dim=\dimen169
\l_tmpc_dim=\dimen170
\g_tmpa_dim=\dimen171
\g_tmpb_dim=\dimen172
\l_tmpa_skip=\skip75
\l_tmpb_skip=\skip76
\l_tmpc_skip=\skip77
\g_tmpa_skip=\skip78
\g_tmpb_skip=\skip79
)
(G:\CTEX\MiKTeX\tex\latex\l3kernel\l3keys.sty
Package: l3keys 2011/12/22 v3086 L3 Experimental key-value interfaces
\g_keyval_level_int=\count145
\l_keys_choice_int=\count146
)
(G:\CTEX\MiKTeX\tex\latex\l3kernel\l3fp.sty
Package: l3fp 2012/02/06 v3315 L3 Experimental floating-point operations
\c_one_hundred_million=\count147
\c_five_hundred_million=\count148
\c_one_thousand_million=\count149
\c_fp_pi_by_four_decimal_int=\count150
\c_fp_pi_by_four_extended_int=\count151
\c_fp_pi_decimal_int=\count152
\c_fp_pi_extended_int=\count153
\c_fp_two_pi_decimal_int=\count154
\c_fp_two_pi_extended_int=\count155
\l_fp_count_int=\count156
\l_fp_div_offset_int=\count157
\l_fp_exp_integer_int=\count158
\l_fp_exp_decimal_int=\count159
\l_fp_exp_extended_int=\count160
\l_fp_exp_exponent_int=\count161
\l_fp_input_a_sign_int=\count162
\l_fp_input_a_integer_int=\count163
\l_fp_input_a_decimal_int=\count164
\l_fp_input_a_exponent_int=\count165
\l_fp_input_b_sign_int=\count166
\l_fp_input_b_integer_int=\count167
\l_fp_input_b_decimal_int=\count168
\l_fp_input_b_exponent_int=\count169
\l_fp_input_a_extended_int=\count170
\l_fp_input_b_extended_int=\count171
\l_fp_mul_a_i_int=\count172
\l_fp_mul_a_ii_int=\count173
\l_fp_mul_a_iii_int=\count174
\l_fp_mul_a_iv_int=\count175
\l_fp_mul_a_v_int=\count176
\l_fp_mul_a_vi_int=\count177
\l_fp_mul_b_i_int=\count178
\l_fp_mul_b_ii_int=\count179
\l_fp_mul_b_iii_int=\count180
\l_fp_mul_b_iv_int=\count181
\l_fp_mul_b_v_int=\count182
\l_fp_mul_b_vi_int=\count183
\l_fp_mul_output_int=\count184
\l_fp_output_sign_int=\count185
\l_fp_output_integer_int=\count186
\l_fp_output_decimal_int=\count187
\l_fp_output_exponent_int=\count188
\l_fp_output_extended_int=\count189
\l_fp_round_position_int=\count190
\l_fp_round_target_int=\count191
\l_fp_split_sign_int=\count192
\l_fp_internal_int=\count193
\l_fp_trig_octant_int=\count194
\l_fp_trig_sign_int=\count195
\l_fp_trig_decimal_int=\count196
\l_fp_trig_extended_int=\count197
\l_fp_internal_dim=\dimen173
\l_fp_internal_skip=\skip80
)
(G:\CTEX\MiKTeX\tex\latex\l3kernel\l3box.sty
Package: l3box 2012/02/18 v3432 L3 Experimental boxes
\l_tmpb_box=\box38
\l_box_top_dim=\dimen174
\l_box_bottom_dim=\dimen175
\l_box_left_dim=\dimen176
\l_box_right_dim=\dimen177
\l_box_top_new_dim=\dimen178
\l_box_bottom_new_dim=\dimen179
\l_box_left_new_dim=\dimen180
\l_box_right_new_dim=\dimen181
\l_box_internal_box=\box39
)
(G:\CTEX\MiKTeX\tex\latex\l3kernel\l3coffins.sty
Package: l3coffins 2012/02/26 v3460 L3 Experimental coffin code layer
\l_coffin_internal_box=\box40
\l_coffin_internal_dim=\dimen182
\l_coffin_offset_x_dim=\dimen183
\l_coffin_offset_y_dim=\dimen184
\l_coffin_x_dim=\dimen185
\l_coffin_y_dim=\dimen186
\l_coffin_x_prime_dim=\dimen187
\l_coffin_y_prime_dim=\dimen188
\l_coffin_Depth_dim=\dimen189
\l_coffin_Height_dim=\dimen190
\l_coffin_TotalHeight_dim=\dimen191
\l_coffin_Width_dim=\dimen192
\c_empty_coffin=\box41
\l_coffin_aligned_coffin=\box42
\l_coffin_aligned_internal_coffin=\box43
\l_coffin_bounding_shift_dim=\dimen193
\l_coffin_left_corner_dim=\dimen194
\l_coffin_right_corner_dim=\dimen195
\l_coffin_bottom_corner_dim=\dimen196
\l_coffin_top_corner_dim=\dimen197
\l_coffin_scaled_total_height_dim=\dimen198
\l_coffin_scaled_width_dim=\dimen199
\l_coffin_display_coffin=\box44
\l_coffin_display_coord_coffin=\box45
\l_coffin_display_pole_coffin=\box46
\l_coffin_display_offset_dim=\dimen200
\l_coffin_display_x_dim=\dimen201
Normal \dimen register pool exhausted, switching to extended pool.
\l_coffin_display_y_dim=\dimen256
)
(G:\CTEX\MiKTeX\tex\latex\l3kernel\l3color.sty
Package: l3color 2011/09/07 v2776 L3 Experimental colour support
)
(G:\CTEX\MiKTeX\tex\latex\l3kernel\l3luatex.sty
Package: l3luatex 2012/02/09 v3355 L3 Experimental LuaTeX-specific functions
\g_cctab_allocate_int=\count198
\g_cctab_stack_int=\count199
))
(G:\CTEX\MiKTeX\tex\latex\fontspec\fontspec.sty
Package: fontspec 2011/09/18 v2.2a Advanced font selection for XeLaTeX/LuaLaTeX


(G:\CTEX\MiKTeX\tex\latex\l3packages\xparse\xparse.sty
Package: xparse 2012/02/26 v3471 L3 Experimental document command parser
\l_xparse_current_arg_int=\count200
\l_xparse_m_args_int=\count201
Normal \count register pool exhausted, switching to extended pool.
\l_xparse_mandatory_args_int=\count277
\l_xparse_processor_int=\count278
\l_xparse_v_nesting_int=\count279
)
\l_fontspec_script_int=\count280
\l_fontspec_language_int=\count281
\l_fontspec_strnum_int=\count282
\l_fontspec_tmpa_dim=\dimen257
\l_fontspec_tmpb_dim=\dimen258
\l_fontspec_tmpc_dim=\dimen259
Variant \tl_gset:cV already defined; not changing it on line 66

(G:\CTEX\MiKTeX\tex\latex\fontspec\fontspec-patches.sty
Package: fontspec-patches 2011/09/18 v2.2a Advanced font selection for XeLaTeX/
LuaLaTeX

(G:\CTEX\MiKTeX\tex\latex\base\fixltx2e.sty
Package: fixltx2e 2006/09/13 v1.1m fixes to LaTeX
LaTeX Info: Redefining \em on input line 420.
LaTeX Info: The control sequence `\[' is already robust on input line 471.
LaTeX Info: The control sequence `\]' is already robust on input line 472.
)
LaTeX Info: Redefining \em on input line 22.
LaTeX Info: Redefining \emph on input line 29.
LaTeX Info: Redefining \- on input line 32.

*************************************************
* LaTeX warning: "xparse/redefine-command"
* 
* Redefining document command \oldstylenums with arg. spec. 'm' on line 107.
*************************************************
.................................................
. LaTeX info: "xparse/define-command"
. 
. Defining document command \liningnums with arg. spec. 'm' on line 111.
.................................................
) (G:\CTEX\MiKTeX\tex\latex\fontspec\fontspec-xetex.sty
Package: fontspec-xetex 2011/09/18 v2.2a Advanced font selection for XeLaTeX/Lu
aLaTeX

(G:\CTEX\MiKTeX\tex\latex\base\fontenc.sty
Package: fontenc 2005/09/27 v1.99g Standard LaTeX package

(G:\CTEX\MiKTeX\tex\latex\euenc\eu1enc.def
File: eu1enc.def 2010/05/27 v0.1h Experimental Unicode font encodings
)
LaTeX Font Info:    Try loading font information for EU1+lmr on input line 100.


(G:\CTEX\MiKTeX\tex\latex\euenc\eu1lmr.fd
File: eu1lmr.fd 2009/10/30 v1.6 Font defs for Latin Modern
))
(G:\CTEX\MiKTeX\tex\xelatex\xunicode\xunicode.sty
File: xunicode.sty 2011/09/09 v0.981 provides access to latin accents and many 
other characters in Unicode lower plane

(G:\CTEX\MiKTeX\tex\latex\tipa\t3enc.def
File: t3enc.def 2001/12/31 T3 encoding
LaTeX Font Info:    Try loading font information for EU1+lmss on input line 357
.

(G:\CTEX\MiKTeX\tex\latex\euenc\eu1lmss.fd
File: eu1lmss.fd 2009/10/30 v1.6 Font defs for Latin Modern
))
\tipaTiiicode=\count283
\tipasavetokens=\toks48
\tipachecktokens=\toks49
)
.................................................
. LaTeX info: "xparse/define-command"
. 
. Defining document command \fontspec with arg. spec. 'O{}m' on line 39.
.................................................
.................................................
. LaTeX info: "xparse/define-command"
. 
. Defining document command \setmainfont with arg. spec. 'O{}m' on line 43.
.................................................
.................................................
. LaTeX info: "xparse/define-command"
. 
. Defining document command \setsansfont with arg. spec. 'O{}m' on line 47.
.................................................
.................................................
. LaTeX info: "xparse/define-command"
. 
. Defining document command \setmonofont with arg. spec. 'O{}m' on line 51.
.................................................
.................................................
. LaTeX info: "xparse/define-command"
. 
. Defining document command \setmathrm with arg. spec. 'O{}m' on line 59.
.................................................
.................................................
. LaTeX info: "xparse/define-command"
. 
. Defining document command \setboldmathrm with arg. spec. 'O{}m' on line 62.
.................................................
.................................................
. LaTeX info: "xparse/define-command"
. 
. Defining document command \setmathsf with arg. spec. 'O{}m' on line 65.
.................................................
.................................................
. LaTeX info: "xparse/define-command"
. 
. Defining document command \setmathtt with arg. spec. 'O{}m' on line 68.
.................................................
.................................................
. LaTeX info: "xparse/define-command"
. 
. Defining document command \newfontfamily with arg. spec. 'mO{}m' on line 84.
.................................................
.................................................
. LaTeX info: "xparse/define-command"
. 
. Defining document command \newfontface with arg. spec. 'mO{}m' on line 87.
.................................................
.................................................
. LaTeX info: "xparse/define-command"
. 
. Defining document command \defaultfontfeatures with arg. spec. 'm' on line
. 91.
.................................................
.................................................
. LaTeX info: "xparse/define-command"
. 
. Defining document command \addfontfeatures with arg. spec. 'm' on line 107.
.................................................
.................................................
. LaTeX info: "xparse/define-command"
. 
. Defining document command \newfontfeature with arg. spec. 'mm' on line 118.
.................................................
.................................................
. LaTeX info: "xparse/define-command"
. 
. Defining document command \newAATfeature with arg. spec. 'mmmm' on line 125.
.................................................
.................................................
. LaTeX info: "xparse/define-command"
. 
. Defining document command \newICUfeature with arg. spec. 'mmm' on line 132.
.................................................
.................................................
. LaTeX info: "xparse/define-command"
. 
. Defining document command \aliasfontfeature with arg. spec. 'mm' on line
. 159.
.................................................
.................................................
. LaTeX info: "xparse/define-command"
. 
. Defining document command \aliasfontfeatureoption with arg. spec. 'mmm' on
. line 164.
.................................................
.................................................
. LaTeX info: "xparse/define-command"
. 
. Defining document command \newfontscript with arg. spec. 'mm' on line 169.
.................................................
.................................................
. LaTeX info: "xparse/define-command"
. 
. Defining document command \newfontlanguage with arg. spec. 'mm' on line 192.
.................................................
.................................................
. LaTeX info: "xparse/define-command"
. 
. Defining document command \DeclareFontsExtensions with arg. spec. 'm' on
. line 211.
.................................................
Variant \prop_gput:cnV already defined; not changing it on line 485
Variant \prop_gput:cnx already defined; not changing it on line 486
Variant \keys_set:nx already defined; not changing it on line 963
\c@fontspec_tmp_int=\count284
LaTeX Info: Redefining \itshape on input line 1881.
LaTeX Info: Redefining \slshape on input line 1885.
LaTeX Info: Redefining \scshape on input line 1889.
LaTeX Info: Redefining \upshape on input line 1893.

(G:\CTEX\MiKTeX\tex\latex\fontspec\fontspec.cfg)))
\xeCJK@cnta=\count285
\xeCJK@cntb=\count286
\xeCJK@cntc=\count287
\xeCJK@cntd=\count288
\xeCJK@cnte=\count289
\xeCJK@dima=\dimen260
LaTeX Info: Redefining \normalfont on input line 886.
LaTeX Info: Redefining \rmfamily on input line 895.
LaTeX Info: Redefining \sffamily on input line 899.
LaTeX Info: Redefining \ttfamily on input line 903.
\xeCJK@featureadded=\count290
\g_xecjk_exspace_dim=\dimen261

(G:\CTEX\MiKTeX\tex\latex\cjk\CJKnumb.sty
Package: CJKnumb 2008/12/29 4.8.2
\CJK@q=\count291
\CJK@r=\count292
))
(G:\CTEX\MiKTeX\tex\latex\tools\indentfirst.sty
Package: indentfirst 1995/11/23 v1.03 Indent first paragraph (DPC)
)
(G:\CTEX\UserData\tex\latex\natbib\natbib.sty
Package: natbib 2010/09/13 8.31b (PWD, AO)
\bibhang=\skip81
\bibsep=\skip82
LaTeX Info: Redefining \cite on input line 694.
\c@NAT@ctr=\count293
)
(G:\CTEX\MiKTeX\tex\latex\hyperref\hyperref.sty
Package: hyperref 2012/02/06 v6.82o Hypertext links for LaTeX

(G:\CTEX\MiKTeX\tex\generic\oberdiek\hobsub-hyperref.sty
Package: hobsub-hyperref 2011/04/23 v1.4 Bundle oberdiek, subset hyperref (HO)

(G:\CTEX\MiKTeX\tex\generic\oberdiek\hobsub-generic.sty
Package: hobsub-generic 2011/04/23 v1.4 Bundle oberdiek, subset generic (HO)
Package: hobsub 2011/04/23 v1.4 Subsetting bundle oberdiek (HO)
Package: infwarerr 2010/04/08 v1.3 Providing info/warning/message (HO)
Package: ltxcmds 2011/04/18 v1.20 LaTeX kernel commands for general use (HO)
Package: ifluatex 2010/03/01 v1.3 Provides the ifluatex switch (HO)
Package ifluatex Info: LuaTeX not detected.
Package hobsub Info: Skipping package `ifvtex' (already loaded).
Package: intcalc 2007/09/27 v1.1 Expandable integer calculations (HO)
Package hobsub Info: Skipping package `ifpdf' (already loaded).
Package: etexcmds 2011/02/16 v1.5 Prefix for e-TeX command names (HO)
Package etexcmds Info: Could not find \expanded.
(etexcmds)             That can mean that you are not using pdfTeX 1.50 or
(etexcmds)             that some package has redefined \expanded.
(etexcmds)             In the latter case, load this package earlier.
Package: kvsetkeys 2011/04/07 v1.13 Key value parser (HO)
Package: kvdefinekeys 2011/04/07 v1.3 Defining keys (HO)
Package: pdftexcmds 2011/04/22 v0.16 Utilities of pdfTeX for LuaTeX (HO)
Package pdftexcmds Info: LuaTeX not detected.
Package pdftexcmds Info: pdfTeX >= 1.30 not detected.
Package pdftexcmds Info: \pdf@primitive is available.
Package pdftexcmds Info: \pdf@ifprimitive is available.
Package pdftexcmds Info: \pdfdraftmode not found.
Package: pdfescape 2011/04/04 v1.12 Provides string conversions (HO)
Package: bigintcalc 2011/01/30 v1.2 Expandable big integer calculations (HO)
Package: bitset 2011/01/30 v1.1 Data type bit set (HO)
Package: uniquecounter 2011/01/30 v1.2 Provides unlimited unique counter (HO)
)
Package hobsub Info: Skipping package `hobsub' (already loaded).
Package: letltxmacro 2010/09/02 v1.4 Let assignment for LaTeX macros (HO)
Package: hopatch 2011/01/30 v1.0 Wrapper for package hooks (HO)
Package: xcolor-patch 2011/01/30 xcolor patch
Package: atveryend 2011/04/23 v1.7 Hooks at very end of document (HO)
Package: atbegshi 2011/01/30 v1.15 At begin shipout hook (HO)
Package: refcount 2010/12/01 v3.2 Data extraction from references (HO)
Package: hycolor 2011/01/30 v1.7 Color options of hyperref/bookmark (HO)
)
(G:\CTEX\MiKTeX\tex\latex\oberdiek\kvoptions.sty
Package: kvoptions 2010/12/23 v3.10 Keyval support for LaTeX options (HO)
)
\@linkdim=\dimen262
\Hy@linkcounter=\count294
\Hy@pagecounter=\count295

(G:\CTEX\MiKTeX\tex\latex\hyperref\pd1enc.def
File: pd1enc.def 2012/02/06 v6.82o Hyperref: PDFDocEncoding definition (HO)
)
\Hy@SavedSpaceFactor=\count296

(G:\CTEX\MiKTeX\tex\latex\00miktex\hyperref.cfg
File: hyperref.cfg 2002/06/06 v1.2 hyperref configuration of TeXLive
)
Package hyperref Info: Option `colorlinks' set `true' on input line 3925.
Package hyperref Info: Hyper figures OFF on input line 4046.
Package hyperref Info: Link nesting OFF on input line 4051.
Package hyperref Info: Hyper index ON on input line 4054.
Package hyperref Info: Plain pages OFF on input line 4061.
Package hyperref Info: Backreferencing OFF on input line 4066.
Package hyperref Info: Implicit mode ON; LaTeX internals redefined.
Package hyperref Info: Bookmarks ON on input line 4284.
\c@Hy@tempcnt=\count297

(G:\CTEX\MiKTeX\tex\xelatex\xetexurl\url.sty
\Urlmuskip=\muskip11
Package: url 2004/03/15  ver 3.1  Verb mode for urls, etc.
)
LaTeX Info: Redefining \url on input line 4637.
\Fld@menulength=\count298
\Field@Width=\dimen263
\Fld@charsize=\dimen264
Package hyperref Info: Hyper figures OFF on input line 5757.
Package hyperref Info: Link nesting OFF on input line 5762.
Package hyperref Info: Hyper index ON on input line 5765.
Package hyperref Info: backreferencing OFF on input line 5772.
Package hyperref Info: Link coloring ON on input line 5775.
Package hyperref Info: Link coloring with OCG OFF on input line 5782.
Package hyperref Info: PDF/A mode OFF on input line 5787.
LaTeX Info: Redefining \ref on input line 5827.
LaTeX Info: Redefining \pageref on input line 5831.
\Hy@abspage=\count299
\c@Item=\count300
\c@Hfootnote=\count301
)

Package hyperref Message: Driver (autodetected): hxetex.

(G:\CTEX\MiKTeX\tex\latex\hyperref\hxetex.def
File: hxetex.def 2012/02/06 v6.82o Hyperref driver for XeTeX

(G:\CTEX\MiKTeX\tex\latex\hyperref\puenc.def
File: puenc.def 2012/02/06 v6.82o Hyperref: PDF Unicode definition (HO)
)
(G:\CTEX\MiKTeX\tex\generic\oberdiek\stringenc.sty
Package: stringenc 2010/03/01 v1.8 Converts strings between encodings (HO)
)
\pdfm@box=\box47
\c@Hy@AnnotLevel=\count302
\HyField@AnnotCount=\count303
\Fld@listcount=\count304
\c@bookmark@seq@number=\count305

(G:\CTEX\MiKTeX\tex\latex\oberdiek\rerunfilecheck.sty
Package: rerunfilecheck 2011/04/15 v1.7 Rerun checks for auxiliary files (HO)
Package rerunfilecheck Info: Feature \pdfmdfivesum is not available
(rerunfilecheck)             (e.g. pdfTeX or LuaTeX with package `pdftexcmds').

(rerunfilecheck)             Therefore file contents cannot be checked efficien
tly
(rerunfilecheck)             and the loading of the package is aborted.
)
\Hy@SectionHShift=\skip83
)
\g_fontspec_family_Times New Roman_int=\count306
.................................................
. fontspec info: "defining-font"
. 
. Font family 'TimesNewRoman(0)' created for font 'Times New Roman' with
. options [Mapping=tex-text,].
. 
. This font family consists of the following shapes:
. 
. * 'normal' with NFSS spec.:
. <->"Times New Roman/ICU:script=latn;language=DFLT;mapping=tex-text;"
. 
. * 'bold' with NFSS spec.:
. <->"Times New Roman/B/ICU:script=latn;language=DFLT;mapping=tex-text;"
. 
. * 'italic' with NFSS spec.:
. <->"Times New Roman/I/ICU:script=latn;language=DFLT;mapping=tex-text;"
. 
. * 'bold italic' with NFSS spec.:
. <->"Times New Roman/BI/ICU:script=latn;language=DFLT;mapping=tex-text;"
.................................................
\g_fontspec_family_Arial_int=\count307
.................................................
. fontspec info: "defining-font"
. 
. Font family 'Arial(0)' created for font 'Arial' with options
. [Mapping=tex-text,].
. 
. This font family consists of the following shapes:
. 
. * 'normal' with NFSS spec.:
. <->"Arial/ICU:script=latn;language=DFLT;mapping=tex-text;"
. 
. * 'bold' with NFSS spec.:
. <->"Arial/B/ICU:script=latn;language=DFLT;mapping=tex-text;"
. 
. * 'italic' with NFSS spec.:
. <->"Arial/I/ICU:script=latn;language=DFLT;mapping=tex-text;"
. 
. * 'bold italic' with NFSS spec.:
. <->"Arial/BI/ICU:script=latn;language=DFLT;mapping=tex-text;"
.................................................
\g_fontspec_family_Courier New_int=\count308
.................................................
. fontspec info: "defining-font"
. 
. Font family 'CourierNew(0)' created for font 'Courier New' with options
. [Mapping=tex-text,].
. 
. This font family consists of the following shapes:
. 
. * 'normal' with NFSS spec.:
. <->"Courier New/ICU:script=latn;language=DFLT;mapping=tex-text;"
. 
. * 'bold' with NFSS spec.:
. <->"Courier New/B/ICU:script=latn;language=DFLT;mapping=tex-text;"
. 
. * 'italic' with NFSS spec.:
. <->"Courier New/I/ICU:script=latn;language=DFLT;mapping=tex-text;"
. 
. * 'bold italic' with NFSS spec.:
. <->"Courier New/BI/ICU:script=latn;language=DFLT;mapping=tex-text;"
.................................................
\thu@linespace=\skip84
\CJK@twochars=\skip85
\c@currproofctr=\count309
\c@endproofctr=\count310
\c@proof=\count311
\c@currassumptionctr=\count312
\c@endassumptionctr=\count313
\c@assumption=\count314
\c@currdefinitionctr=\count315
\c@enddefinitionctr=\count316
\c@definition=\count317
\c@currlemmactr=\count318
\c@endlemmactr=\count319
\c@lemma=\count320
\c@currtheoremctr=\count321
\c@endtheoremctr=\count322
\c@theorem=\count323
\c@curraxiomctr=\count324
\c@endaxiomctr=\count325
\c@axiom=\count326
\c@currcorollaryctr=\count327
\c@endcorollaryctr=\count328
\c@corollary=\count329
\c@currconjecturectr=\count330
\c@endconjecturectr=\count331
\c@conjecture=\count332
\c@currpropositionctr=\count333
\c@endpropositionctr=\count334
\c@proposition=\count335
\c@currexercisectr=\count336
\c@endexercisectr=\count337
\c@exercise=\count338
\c@currexamplectr=\count339
\c@endexamplectr=\count340
\c@example=\count341
\c@currproblemctr=\count342
\c@endproblemctr=\count343
\c@problem=\count344
\c@currremarkctr=\count345
\c@endremarkctr=\count346
\c@remark=\count347
\displaytitle=\toks50
)
(E:\Research_Study\nudtPaper\mynudt.sty
Package: mynudt 2009/08/20 by you

(G:\CTEX\UserData\tex\latex\cases\cases.sty
Package: cases 2002/05/02 ver 2.5 
)
(G:\CTEX\UserData\tex\latex\listings\listings.sty
\lst@mode=\count348
\lst@gtempboxa=\box48
\lst@token=\toks51
\lst@length=\count349
\lst@currlwidth=\dimen265
\lst@column=\count350
\lst@pos=\count351
\lst@lostspace=\dimen266
\lst@width=\dimen267
\lst@newlines=\count352
\lst@lineno=\count353
\lst@maxwidth=\dimen268

(G:\CTEX\UserData\tex\latex\listings\lstmisc.sty
File: lstmisc.sty 2015/06/04 1.6 (Carsten Heinz)
\c@lstnumber=\count354
\lst@skipnumbers=\count355
\lst@framebox=\box49
)
(G:\CTEX\UserData\tex\latex\listings\listings.cfg
File: listings.cfg 2015/06/04 1.6 listings configuration
))
Package: listings 2015/06/04 1.6 (Carsten Heinz)

(G:\CTEX\UserData\tex\latex\fancyvrb\fancyvrb.sty
Package: fancyvrb 2008/02/07

Style option: `fancyvrb' v2.7a, with DG/SPQR fixes, and firstline=lastline fix 
<2008/02/07> (tvz)
\FV@CodeLineNo=\count356
\FV@InFile=\read1
\FV@TabBox=\box50
\c@FancyVerbLine=\count357
\FV@StepNumber=\count358
\FV@OutFile=\write3
) (G:\CTEX\UserData\tex\latex\algorithms\algorithm.sty
Invalid UTF-8 byte or sequence at line 11 replaced by U+FFFD.
Package: algorithm 2009/08/24 v0.1 Document Style `algorithm' - floating enviro
nment
\@float@every@algorithm=\toks52
\c@algorithm=\count359
)
(G:\CTEX\UserData\tex\latex\algorithms\algorithmic.sty
Invalid UTF-8 byte or sequence at line 11 replaced by U+FFFD.
Package: algorithmic 2009/08/24 v0.1 Document Style `algorithmic'
\c@ALC@unique=\count360
\c@ALC@line=\count361
\c@ALC@rem=\count362
\c@ALC@depth=\count363
\ALC@tlm=\skip86
\algorithmicindent=\skip87
)
(G:\CTEX\UserData\tex\latex\framed\framed.sty
Package: framed 2011/10/22 v 0.96: framed or shaded text with page breaks
\OuterFrameSep=\skip88
\fb@frw=\dimen269
\fb@frh=\dimen270
\FrameRule=\dimen271
\FrameSep=\dimen272
)
(G:\CTEX\UserData\tex\latex\nomencl\nomencl.sty
Package: nomencl 2005/09/22 v4.2 Nomenclature package (LN)
\nomlabelwidth=\dimen273
\nom@tempdim=\dimen274
\nomitemsep=\skip89
))
(E:\Research_Study\nudtPaper\thesis.aux

LaTeX Warning: Label `dtw-2' multiply defined.


LaTeX Warning: Label `sub@dtw-2' multiply defined.


LaTeX Warning: Label `fig:3_2_2_1' multiply defined.


LaTeX Warning: Label `sub@fig:3_2_2_1' multiply defined.


LaTeX Warning: Label `fig:3_2_1_1' multiply defined.


LaTeX Warning: Label `sub@fig:3_2_1_1' multiply defined.


LaTeX Warning: Label `fig:3_2_2_1' multiply defined.


LaTeX Warning: Label `sub@fig:3_2_2_1' multiply defined.


LaTeX Warning: Label `fig:3_2_2_1' multiply defined.


LaTeX Warning: Label `sub@fig:3_2_2_1' multiply defined.


LaTeX Warning: Label `fig:3_2_2_2' multiply defined.


LaTeX Warning: Label `sub@fig:3_2_2_2' multiply defined.


LaTeX Warning: Label `fig:3_2_1_1' multiply defined.


LaTeX Warning: Label `sub@fig:3_2_1_1' multiply defined.


LaTeX Warning: Label `fig:3_2_2_1' multiply defined.


LaTeX Warning: Label `sub@fig:3_2_2_1' multiply defined.


LaTeX Warning: Label `fig:3_2_2_1' multiply defined.


LaTeX Warning: Label `sub@fig:3_2_2_1' multiply defined.


LaTeX Warning: Label `fig:3_2_2_2' multiply defined.


LaTeX Warning: Label `sub@fig:3_2_2_2' multiply defined.


LaTeX Warning: Label `fig:3_2_1_1' multiply defined.


LaTeX Warning: Label `sub@fig:3_2_1_1' multiply defined.


LaTeX Warning: Label `fig:3_2_2_1' multiply defined.


LaTeX Warning: Label `sub@fig:3_2_2_1' multiply defined.


LaTeX Warning: Label `fig:3_2_2_1' multiply defined.


LaTeX Warning: Label `sub@fig:3_2_2_1' multiply defined.


LaTeX Warning: Label `fig:3_2_2_2' multiply defined.


LaTeX Warning: Label `sub@fig:3_2_2_2' multiply defined.


LaTeX Warning: Label `fig:3_3_1_1' multiply defined.


LaTeX Warning: Label `sub@fig:3_3_1_1' multiply defined.


LaTeX Warning: Label `chap:chapter03' multiply defined.

)
LaTeX Font Info:    Checking defaults for OML/txmi/m/it on input line 71.
LaTeX Font Info:    Try loading font information for OML+txmi on input line 71.

 (G:\CTEX\UserData\tex\latex\txfonts\omltxmi.fd
File: omltxmi.fd 2000/12/15 v3.1
)
LaTeX Font Info:    ... okay on input line 71.
LaTeX Font Info:    Checking defaults for T1/cmr/m/n on input line 71.
LaTeX Font Info:    ... okay on input line 71.
LaTeX Font Info:    Checking defaults for OT1/cmr/m/n on input line 71.
LaTeX Font Info:    ... okay on input line 71.
LaTeX Font Info:    Checking defaults for OMS/txsy/m/n on input line 71.
LaTeX Font Info:    Try loading font information for OMS+txsy on input line 71.


(G:\CTEX\UserData\tex\latex\txfonts\omstxsy.fd
File: omstxsy.fd 2000/12/15 v3.1
)
LaTeX Font Info:    ... okay on input line 71.
LaTeX Font Info:    Checking defaults for OMX/txex/m/n on input line 71.
LaTeX Font Info:    Try loading font information for OMX+txex on input line 71.


(G:\CTEX\UserData\tex\latex\txfonts\omxtxex.fd
File: omxtxex.fd 2000/12/15 v3.1
)
LaTeX Font Info:    ... okay on input line 71.
LaTeX Font Info:    Checking defaults for U/txexa/m/n on input line 71.
LaTeX Font Info:    Try loading font information for U+txexa on input line 71.

(G:\CTEX\UserData\tex\latex\txfonts\utxexa.fd
File: utxexa.fd 2000/12/15 v3.1
)
LaTeX Font Info:    ... okay on input line 71.
LaTeX Font Info:    Checking defaults for EU1/lmr/m/n on input line 71.
LaTeX Font Info:    ... okay on input line 71.
LaTeX Font Info:    Checking defaults for T3/cmr/m/n on input line 71.
LaTeX Font Info:    Try loading font information for T3+cmr on input line 71.

(G:\CTEX\MiKTeX\tex\latex\tipa\t3cmr.fd
File: t3cmr.fd 2001/12/31 TIPA font definitions
)
LaTeX Font Info:    ... okay on input line 71.
LaTeX Font Info:    Checking defaults for PD1/pdf/m/n on input line 71.
LaTeX Font Info:    ... okay on input line 71.
LaTeX Font Info:    Checking defaults for PU/pdf/m/n on input line 71.
LaTeX Font Info:    ... okay on input line 71.

*geometry* detected driver: pdftex
*geometry* verbose mode - [ preamble ] result:
* driver: pdftex
* paper: <default>
* layout: <same size as paper>
* layoutoffset:(h,v)=(0.0pt,0.0pt)
* modes: includehead includefoot twoside 
* h-part:(L,W,R)=(85.35826pt, 426.79135pt, 85.35826pt)
* v-part:(T,H,B)=(59.75078pt, 712.74155pt, 72.55452pt)
* \paperwidth=597.50787pt
* \paperheight=845.04684pt
* \textwidth=426.79135pt
* \textheight=658.68135pt
* \oddsidemargin=13.08827pt
* \evensidemargin=13.08827pt
* \topmargin=-12.51921pt
* \headheight=25.60747pt
* \headsep=2.84526pt
* \topskip=0.0pt
* \footskip=25.60747pt
* \marginparwidth=88.0pt
* \marginparsep=7.0pt
* \columnsep=10.0pt
* \skip\footins=10.8pt plus 4.0pt minus 2.0pt
* \hoffset=0.0pt
* \voffset=0.0pt
* \mag=1000
* \@twocolumnfalse
* \@twosidetrue
* \@mparswitchtrue
* \@reversemarginfalse
* (1in=72.27pt=25.4mm, 1cm=28.453pt)

Package caption Info: Begin \AtBeginDocument code.
Package caption Info: subfig package v1.3 is loaded.
Package caption Info: float package is loaded.
Package caption Info: hyperref package is loaded.
Package caption Info: listings package is loaded.
Package caption Info: longtable package is loaded.
(G:\CTEX\UserData\tex\latex\caption\ltcaption.sty
Package: ltcaption 2013/06/09 v1.4-94 longtable captions (AR)
)
Package caption Info: End \AtBeginDocument code.
\AtBeginShipoutBox=\box51
Package hyperref Info: Link coloring ON on input line 71.

(G:\CTEX\MiKTeX\tex\latex\hyperref\nameref.sty
Package: nameref 2010/04/30 v2.40 Cross-referencing by name of section

(G:\CTEX\MiKTeX\tex\generic\oberdiek\gettitlestring.sty
Package: gettitlestring 2010/12/03 v1.4 Cleanup title references (HO)
)
\c@section@level=\count364
)
LaTeX Info: Redefining \ref on input line 71.
LaTeX Info: Redefining \pageref on input line 71.
LaTeX Info: Redefining \nameref on input line 71.

(E:\Research_Study\nudtPaper\thesis.out)
(E:\Research_Study\nudtPaper\thesis.out)
\@outlinefile=\write4
\g_fontspec_family_Adobe Song Std_int=\count365
.................................................
. fontspec info: "no-font-shape"
. 
. Could not resolve font Adobe Heiti Std/I (it probably doesn't exist).
.................................................
.................................................
. fontspec info: "defining-font"
. 
. Font family 'AdobeSongStd(0)' created for font 'Adobe Song Std' with options
. [Mapping=tex-text,BoldFont={Adobe Heiti Std},ItalicFont={Adobe Kaiti Std}].
. 
. This font family consists of the following shapes:
. 
. * 'normal' with NFSS spec.:
. <->"Adobe Song Std/ICU:script=latn;language=DFLT;mapping=tex-text;"
. 
. * 'bold' with NFSS spec.:
. <->"Adobe Heiti Std/ICU:script=latn;language=DFLT;mapping=tex-text;"
. 
. * 'italic' with NFSS spec.:
. <->"Adobe Kaiti Std/ICU:script=latn;language=DFLT;mapping=tex-text;"
.................................................
\c@lstlisting=\count366
LaTeX Font Info:    Calculating math sizes for size <10.53937> on input line 78
.
LaTeX Font Info:    Try loading font information for OT1+txr on input line 78.

(G:\CTEX\UserData\tex\latex\txfonts\ot1txr.fd
File: ot1txr.fd 2000/12/15 v3.1
)
LaTeX Font Info:    Try loading font information for U+txsya on input line 78.

(G:\CTEX\UserData\tex\latex\txfonts\utxsya.fd
File: utxsya.fd 2000/12/15 v3.1
)
LaTeX Font Info:    Try loading font information for U+txsyb on input line 78.

(G:\CTEX\UserData\tex\latex\txfonts\utxsyb.fd
File: utxsyb.fd 2000/12/15 v3.1
)
LaTeX Font Info:    Try loading font information for U+txmia on input line 78.

(G:\CTEX\UserData\tex\latex\txfonts\utxmia.fd
File: utxmia.fd 2000/12/15 v3.1
)
LaTeX Font Info:    Try loading font information for U+txsyc on input line 78.

(G:\CTEX\UserData\tex\latex\txfonts\utxsyc.fd
File: utxsyc.fd 2000/12/15 v3.1
)
LaTeX Font Info:    Font shape `U/fsy/m/n' will be
(Font)              scaled to size 9.48535pt on input line 78.
LaTeX Font Info:    Font shape `U/fsy/m/n' will be
(Font)              scaled to size 6.63971pt on input line 78.
LaTeX Font Info:    Font shape `U/fsy/m/n' will be
(Font)              scaled to size 4.74268pt on input line 78.
\g_fontspec_family_Adobe Fangsong Std_int=\count367
.................................................
. fontspec info: "no-font-shape"
. 
. Could not resolve font Adobe Fangsong Std/B (it probably doesn't exist).
.................................................
.................................................
. fontspec info: "no-font-shape"
. 
. Could not resolve font Adobe Fangsong Std/I (it probably doesn't exist).
.................................................
.................................................
. fontspec info: "no-font-shape"
. 
. Could not resolve font Adobe Fangsong Std/BI (it probably doesn't exist).
.................................................
.................................................
. fontspec info: "defining-font"
. 
. Font family 'AdobeFangsongStd(0)' created for font 'Adobe Fangsong Std' with
. options [Mapping=tex-text,].
. 
. This font family consists of the following shapes:
. 
. * 'normal' with NFSS spec.:
. <->"Adobe Fangsong Std/ICU:script=latn;language=DFLT;mapping=tex-text;"
.................................................
\g_fontspec_family_Adobe Heiti Std_int=\count368
.................................................
. fontspec info: "no-font-shape"
. 
. Could not resolve font Adobe Heiti Std/B (it probably doesn't exist).
.................................................
.................................................
. fontspec info: "no-font-shape"
. 
. Could not resolve font Adobe Heiti Std/I (it probably doesn't exist).
.................................................
.................................................
. fontspec info: "no-font-shape"
. 
. Could not resolve font Adobe Heiti Std/BI (it probably doesn't exist).
.................................................
.................................................
. fontspec info: "defining-font"
. 
. Font family 'AdobeHeitiStd(0)' created for font 'Adobe Heiti Std' with
. options [Mapping=tex-text,].
. 
. This font family consists of the following shapes:
. 
. * 'normal' with NFSS spec.:
. <->"Adobe Heiti Std/ICU:script=latn;language=DFLT;mapping=tex-text;"
.................................................
.................................................
. fontspec info: "no-scripts"
. 
. Font STZhongsong does not contain any OpenType `Script' information.
.................................................
\g_fontspec_family_STZhongsong_int=\count369
.................................................
. fontspec info: "no-font-shape"
. 
. Could not resolve font STZhongsong/B (it probably doesn't exist).
.................................................
.................................................
. fontspec info: "no-font-shape"
. 
. Could not resolve font STZhongsong/I (it probably doesn't exist).
.................................................
.................................................
. fontspec info: "no-font-shape"
. 
. Could not resolve font STZhongsong/BI (it probably doesn't exist).
.................................................
.................................................
. fontspec info: "defining-font"
. 
. Font family 'STZhongsong(0)' created for font 'STZhongsong' with options
. [Mapping=tex-text,].
. 
. This font family consists of the following shapes:
. 
. * 'normal' with NFSS spec.:
. <->"STZhongsong/ICU:mapping=tex-text;"
.................................................
LaTeX Font Info:    Calculating math sizes for size <14.05249> on input line 78
.
LaTeX Font Info:    Font shape `U/fsy/m/n' will be
(Font)              scaled to size 12.64714pt on input line 78.
LaTeX Font Info:    Font shape `U/fsy/m/n' will be
(Font)              scaled to size 8.85295pt on input line 78.
LaTeX Font Info:    Font shape `U/fsy/m/n' will be
(Font)              scaled to size 6.32356pt on input line 78.
.................................................
. fontspec info: "defining-font"
. 
. Font family 'AdobeHeitiStd(0)' created for font 'Adobe Heiti Std' with
. options [Mapping=tex-text,].
. 
. This font family consists of the following shapes:
.................................................
.................................................
. fontspec info: "defining-font"
. 
. Font family 'AdobeFangsongStd(0)' created for font 'Adobe Fangsong Std' with
. options [Mapping=tex-text,].
. 
. This font family consists of the following shapes:
.................................................
.................................................
. fontspec info: "no-scripts"
. 
. Font STZhongsong does not contain any OpenType `Script' information.
.................................................
.................................................
. fontspec info: "defining-font"
. 
. Font family 'STZhongsong(0)' created for font 'STZhongsong' with options
. [Mapping=tex-text,].
. 
. This font family consists of the following shapes:
.................................................

(G:\CTEX\MiKTeX\tex\generic\oberdiek\se-ascii-print.def
File: se-ascii-print.def 2010/03/01 v1.8 stringenc: Printable ASCII characters
) [1

] [2

]
LaTeX Font Info:    Calculating math sizes for size <16.06> on input line 78.
LaTeX Font Info:    Font shape `U/fsy/m/n' will be
(Font)              scaled to size 14.45389pt on input line 78.
LaTeX Font Info:    Font shape `U/fsy/m/n' will be
(Font)              scaled to size 10.11768pt on input line 78.
LaTeX Font Info:    Font shape `U/fsy/m/n' will be
(Font)              scaled to size 7.22694pt on input line 78.
 [3

] [4

]
.................................................
. fontspec info: "defining-font"
. 
. Font family 'AdobeFangsongStd(0)' created for font 'Adobe Fangsong Std' with
. options [Mapping=tex-text,].
. 
. This font family consists of the following shapes:
.................................................

[5

] [6

] (E:\Research_Study\nudtPaper\thesis.toc
.................................................
. fontspec info: "defining-font"
. 
. Font family 'AdobeHeitiStd(0)' created for font 'Adobe Heiti Std' with
. options [Mapping=tex-text,].
. 
. This font family consists of the following shapes:
.................................................
.................................................
. fontspec info: "no-font-shape"
. 
. Could not resolve font Adobe Song Std/B (it probably doesn't exist).
.................................................
.................................................
. fontspec info: "no-font-shape"
. 
. Could not resolve font Adobe Song Std/I (it probably doesn't exist).
.................................................
.................................................
. fontspec info: "no-font-shape"
. 
. Could not resolve font Adobe Song Std/BI (it probably doesn't exist).
.................................................
.................................................
. fontspec info: "defining-font"
. 
. Font family 'AdobeSongStd(1)' created for font 'Adobe Song Std' with options
. [Mapping=tex-text,].
. 
. This font family consists of the following shapes:
. 
. * 'normal' with NFSS spec.:
. <->"Adobe Song Std/ICU:script=latn;language=DFLT;mapping=tex-text;"
.................................................
.................................................
. fontspec info: "defining-font"
. 
. Font family 'AdobeSongStd(1)' created for font 'Adobe Song Std' with options
. [Mapping=tex-text,].
. 
. This font family consists of the following shapes:
.................................................
 [1



])
\tf@toc=\write5
 [2]
(E:\Research_Study\nudtPaper\thesis.lot
LaTeX Font Info:    Calculating math sizes for size <12.045> on input line 1.
LaTeX Font Info:    Font shape `U/fsy/m/n' will be
(Font)              scaled to size 10.84042pt on input line 1.
LaTeX Font Info:    Font shape `U/fsy/m/n' will be
(Font)              scaled to size 7.58826pt on input line 1.
LaTeX Font Info:    Font shape `U/fsy/m/n' will be
(Font)              scaled to size 5.4202pt on input line 1.
)
\tf@lot=\write6
 [3

] [4

]
(E:\Research_Study\nudtPaper\thesis.lof [5

])
\tf@lof=\write7
 [6]
(E:\Research_Study\nudtPaper\data/abstract.tex
Underfull \vbox (badness 10000) has occurred while \output is active []

 [1



]
[2]
Underfull \vbox (badness 10000) has occurred while \output is active []

 [3


])
[4] (E:\Research_Study\nudtPaper\data/chap01.tex
.................................................
. fontspec info: "no-scripts"
. 
. Font STZhongsong does not contain any OpenType `Script' information.
.................................................
.................................................
. fontspec info: "defining-font"
. 
. Font family 'STZhongsong(0)' created for font 'STZhongsong' with options
. [Mapping=tex-text,].
. 
. This font family consists of the following shapes:
.................................................


LaTeX Font Warning: Font shape `EU1/STZhongsong(0)/bx/n' undefined
(Font)              using `EU1/STZhongsong(0)/m/n' instead on input line 4.

[1



] [2]
Underfull \vbox (badness 10000) has occurred while \output is active []

 [3]
Underfull \vbox (badness 10000) has occurred while \output is active []

 [4]
[5]
Underfull \vbox (badness 10000) has occurred while \output is active []

 [6])
(E:\Research_Study\nudtPaper\data/chap02.tex [7] [8

]
Underfull \vbox (badness 10000) has occurred while \output is active []

 [9


]
[10]
File: figures/figure2_1_gps.png Graphic file (type QTm)
 <use  "figures/figure2_1_gps.png" >
.................................................
. fontspec info: "defining-font"
. 
. Font family 'AdobeSongStd(0)' created for font 'Adobe Song Std' with options
. [Mapping=tex-text,BoldFont={Adobe Heiti Std},ItalicFont={Adobe Kaiti Std}].
. 
. This font family consists of the following shapes:
.................................................

Underfull \vbox (badness 10000) has occurred while \output is active []

 [11]
Package hyperref Info: bookmark level for unknown algorithm defaults to 0 on in
put line 95.
.................................................
. fontspec info: "defining-font"
. 
. Font family 'AdobeSongStd(0)' created for font 'Adobe Song Std' with options
. [Mapping=tex-text,BoldFont={Adobe Heiti Std},ItalicFont={Adobe Kaiti Std}].
. 
. This font family consists of the following shapes:
.................................................
File: figures/figure2_1cluster.png Graphic file (type QTm)

<use  "figures/figure2_1cluster.png" > [12]
Underfull \vbox (badness 10000) has occurred while \output is active []

 [13]
File: figures/figure2_2dbscan.png Graphic file (type QTm)

<use  "figures/figure2_2dbscan.png" > [14]
File: figures/figure2_3.png Graphic file (type QTm)
 <use  "figures/figure2_3.png" >
File: figures/figure2_4.png Graphic file (type QTm)

<use  "figures/figure2_4.png" > [15]
Missing character: There is no  in font txr!
Missing character: There is no  in font txr!
Missing character: There is no  in font txr!
Missing character: There is no  in font txr!
Missing character: There is no  in font txr!
Missing character: There is no  in font txr!
Missing character: There is no  in font txr!

Underfull \vbox (badness 10000) has occurred while \output is active []

 [16]
File: figures/figure2_1_turnTra.png Graphic file (type QTm)

<use  "figures/figure2_1_turnTra.png" >
File: figures/figure2_1_Center_of_mass.png Graphic file (type QTm)

<use  "figures/figure2_1_Center_of_mass.png" >
Underfull \vbox (badness 10000) has occurred while \output is active []

 [17]
Missing character: There is no  in font txr!
Missing character: There is no  in font txr!
Missing character: There is no  in font txr!
Missing character: There is no  in font txr!
File: figures/dtw-1.png Graphic file (type QTm)

<use  "figures/dtw-1.png" >
File: figures/dtw-2.png Graphic file (type QTm)
 <use  "figures/dtw-2.png" >
File: figures/dtw-3.png Graphic file (type QTm)

<use  "figures/dtw-3.png" > [18]
Missing character: There is no  in font txr!
Missing character: There is no  in font txr!
Missing character: There is no  in font txr!
Missing character: There is no  in font txr!
Missing character: There is no  in font txr!
Missing character: There is no  in font txr!
Missing character: There is no  in font txr!
Missing character: There is no  in font txr!
Missing character: There is no  in font txr!
Missing character: There is no  in font txr!
Missing character: There is no  in font txr!
Missing character: There is no  in font txr!
Missing character: There is no  in font txr!
Missing character: There is no  in font txr!
Missing character: There is no  in font txr!
Missing character: There is no  in font txr!

Underfull \vbox (badness 10000) has occurred while \output is active []

 [19]
File: figures/figure2_6_lda.png Graphic file (type QTm)

<use  "figures/figure2_6_lda.png" > [20]
File: figures/figure2_7_cdow.png Graphic file (type QTm)
 <use  "figures/figure2_7_cdow.png" >
File: figures/figure2_7_w2cmodel.png Graphic file (type QTm)

<use  "figures/figure2_7_w2cmodel.png" > [21]
Underfull \vbox (badness 10000) has occurred while \output is active []

 [22]
[23] [24]
File: figures/figure7_1_RSMHD.png Graphic file (type QTm)
 <use  "figures/figure7_1_RSMHD.png" >
File: figures/figure7_1_tra.png Graphic file (type QTm)

<use  "figures/figure7_1_tra.png" > [25


]
File: figures/figure_3_RSMHDwifibluee.png Graphic file (type QTm)

<use  "figures/figure_3_RSMHDwifibluee.png" >
Underfull \vbox (badness 10000) has occurred while \output is active []

 [26]
[27] [28]
File: figures/figure4_2.png Graphic file (type QTm)
 <use  "figures/figure4_2.png" >
Underfull \vbox (badness 10000) has occurred while \output is active []

 [29


]
File: figures/figure_4_mid_location1.png Graphic file (type QTm)

<use  "figures/figure_4_mid_location1.png" >
File: figures/figure_4_mid_location1_ed.png Graphic file (type QTm)

<use  "figures/figure_4_mid_location1_ed.png" >
File: figures/figure_4_mid_location2.png Graphic file (type QTm)

<use  "figures/figure_4_mid_location2.png" >
File: figures/figure_4_mid_location2_ed.png Graphic file (type QTm)

<use  "figures/figure_4_mid_location2_ed.png" >
File: figures/figure_4_mid_location1.png Graphic file (type QTm)

<use  "figures/figure_4_mid_location1.png" >
File: figures/figure_4_mid_location1_avg.png Graphic file (type QTm)

<use  "figures/figure_4_mid_location1_avg.png" >
File: figures/figure_4_mid_location2.png Graphic file (type QTm)

<use  "figures/figure_4_mid_location2.png" >
File: figures/figure_4_mid_location2_avg.png Graphic file (type QTm)

<use  "figures/figure_4_mid_location2_avg.png" > [30]
File: figures/figure_4_mid_location1.png Graphic file (type QTm)

<use  "figures/figure_4_mid_location1.png" >
File: figures/figure_4_mid_location1_kalman_ed.png Graphic file (type QTm)

<use  "figures/figure_4_mid_location1_kalman_ed.png" >
File: figures/figure_4_mid_location2.png Graphic file (type QTm)

<use  "figures/figure_4_mid_location2.png" >
File: figures/figure_4_mid_location2_kalman_ed.png Graphic file (type QTm)

<use  "figures/figure_4_mid_location2_kalman_ed.png" >
File: figures/figure_4_mid_location1.png Graphic file (type QTm)

<use  "figures/figure_4_mid_location1.png" >
File: figures/figure_4_mid_location1_kalman.png Graphic file (type QTm)

<use  "figures/figure_4_mid_location1_kalman.png" >
File: figures/figure_4_mid_location2.png Graphic file (type QTm)

<use  "figures/figure_4_mid_location2.png" >
File: figures/figure_4_mid_location2_kalman.png Graphic file (type QTm)

<use  "figures/figure_4_mid_location2_kalman.png" >
Underfull \vbox (badness 10000) has occurred while \output is active []

 [31]
File: figures/figure_4_stay-points.png Graphic file (type QTm)

<use  "figures/figure_4_stay-points.png" >
Underfull \vbox (badness 10000) has occurred while \output is active []

 [32]
File: figures/figure_4_location1_scater.png Graphic file (type QTm)

<use  "figures/figure_4_location1_scater.png" >
File: figures/figure_4_location1_sp.png Graphic file (type QTm)

<use  "figures/figure_4_location1_sp.png" >
File: figures/figure_4_location2_scater.png Graphic file (type QTm)

<use  "figures/figure_4_location2_scater.png" >
File: figures/figure_4_location2_sp.png Graphic file (type QTm)

<use  "figures/figure_4_location2_sp.png" >
Underfull \vbox (badness 10000) has occurred while \output is active []

 [33]
File: figures/figure4_tra1.png Graphic file (type QTm)

<use  "figures/figure4_tra1.png" >
File: figures/figure4_tra1_kmeans_3.png Graphic file (type QTm)
 <use  "figures/figure4_tra1_kmeans_3.png" >
File: figures/figure4_tra1_kmeans_4.png Graphic file (type QTm)

<use  "figures/figure4_tra1_kmeans_4.png" >
File: figures/figure4_tra1_kmeans_5.png Graphic file (type QTm)

<use  "figures/figure4_tra1_kmeans_5.png" >
File: figures/figure4_tra1_map.png Graphic file (type QTm)

<use  "figures/figure4_tra1_map.png" >
File: figures/figure4_tra1_map_k3.png Graphic file (type QTm)

<use  "figures/figure4_tra1_map_k3.png" >
File: figures/figure4_tra1_map_k4.png Graphic file (type QTm)

<use  "figures/figure4_tra1_map_k4.png" >
File: figures/figure4_tra1_map_k5.png Graphic file (type QTm)

<use  "figures/figure4_tra1_map_k5.png" >
File: figures/figure4_tra2.png Graphic file (type QTm)
 <use  "figures/figure4_tra2.png" >
File: figures/figure4_tra2_kmeans_3.png Graphic file (type QTm)

<use  "figures/figure4_tra2_kmeans_3.png" >
File: figures/figure4_tra2_kmeans_4.png Graphic file (type QTm)

<use  "figures/figure4_tra2_kmeans_4.png" >
File: figures/figure4_tra2_kmeans_5.png Graphic file (type QTm)

<use  "figures/figure4_tra2_kmeans_5.png" >
File: figures/figure4_tra2_map.png Graphic file (type QTm)

<use  "figures/figure4_tra2_map.png" >
File: figures/figure4_tra2_map_k3.png Graphic file (type QTm)

<use  "figures/figure4_tra2_map_k3.png" >
File: figures/figure4_tra2_map_k4.png Graphic file (type QTm)

<use  "figures/figure4_tra2_map_k4.png" >
File: figures/figure4_tra2_map_k5.png Graphic file (type QTm)

<use  "figures/figure4_tra2_map_k5.png" > [34]
Underfull \vbox (badness 10000) has occurred while \output is active []

 [35]
File: figures/figure4_tra_for_dj_1.png Graphic file (type QTm)

<use  "figures/figure4_tra_for_dj_1.png" >
File: figures/figure4_tra_result_dj_1.png Graphic file (type QTm)

<use  "figures/figure4_tra_result_dj_1.png" >
File: figures/figure4_tra_map_dj1.png Graphic file (type QTm)

<use  "figures/figure4_tra_map_dj1.png" >
File: figures/figure4_tra_map_result_dj_1.png Graphic file (type QTm)

<use  "figures/figure4_tra_map_result_dj_1.png" >
File: figures/figure4_tra_for_dj_2.png Graphic file (type QTm)

<use  "figures/figure4_tra_for_dj_2.png" >
File: figures/figure4_tra_result_dj_2.png Graphic file (type QTm)

<use  "figures/figure4_tra_result_dj_2.png" >
File: figures/figure4_tra_map_dj2.png Graphic file (type QTm)

<use  "figures/figure4_tra_map_dj2.png" >
File: figures/figure4_tra_map_result_dj_2.png Graphic file (type QTm)

<use  "figures/figure4_tra_map_result_dj_2.png" >
Underfull \vbox (badness 10000) has occurred while \output is active []

 [36]
Underfull \vbox (badness 10000) has occurred while \output is active []

 [37]
File: figures/figure4_tra_for_science1.png Graphic file (type QTm)

<use  "figures/figure4_tra_for_science1.png" >
File: figures/figure4_science_1_cluster.png Graphic file (type QTm)

<use  "figures/figure4_science_1_cluster.png" >
File: figures/figure4_tra_map_science1.png Graphic file (type QTm)

<use  "figures/figure4_tra_map_science1.png" >
File: figures/figure4_tra_map_result_science1.png Graphic file (type QTm)

<use  "figures/figure4_tra_map_result_science1.png" >
File: figures/figure4_tra_for_science2.png Graphic file (type QTm)

<use  "figures/figure4_tra_for_science2.png" >
File: figures/figure4_science_2_cluster.png Graphic file (type QTm)

<use  "figures/figure4_science_2_cluster.png" >
File: figures/figure4_tra_map_science2.png Graphic file (type QTm)

<use  "figures/figure4_tra_map_science2.png" >
File: figures/figure4_tra_map_result_science2.png Graphic file (type QTm)

<use  "figures/figure4_tra_map_result_science2.png" >
Underfull \vbox (badness 10000) has occurred while \output is active []

 [38]
Underfull \vbox (badness 10000) has occurred while \output is active []

 [39]
File: figures/figure_4_stay-point_semantic.png Graphic file (type QTm)

<use  "figures/figure_4_stay-point_semantic.png" >
Underfull \vbox (badness 10000) has occurred while \output is active []

 [40]
Underfull \vbox (badness 10000) has occurred while \output is active []

 [41]
File: figures/figure3_14_1.jpg Graphic file (type QTm)

<use  "figures/figure3_14_1.jpg" >
File: figures/figure3_14_2.jpg Graphic file (type QTm)
 <use  "figures/figure3_14_2.jpg" >
File: figures/figure3_14_3.jpg Graphic file (type QTm)

<use  "figures/figure3_14_3.jpg" > [42]
File: figures/figure3_15_1.jpg Graphic file (type QTm)
 <use  "figures/figure3_15_1.jpg" >
File: figures/figure3_15_2.jpg Graphic file (type QTm)

<use  "figures/figure3_15_2.jpg" >
File: figures/figure3_15_3.jpg Graphic file (type QTm)
 <use  "figures/figure3_15_3.jpg" >
Underfull \vbox (badness 10000) has occurred while \output is active []

 [43]
[44]
File: figures/figure4_1.png Graphic file (type QTm)
 <use  "figures/figure4_1.png" > [45


]
Overfull \hbox (8.70436pt too wide) in paragraph at lines 718--720
\OML/txmi/m/it/12.045 Trace[]$ \xeCJK@song/m/n/12.045       $
\OT1/txr/m/n/12.045 48$ \xeCJK@song/m/n/12.045 |    $\OML/txmi/m
/it/12.045 Sep[]trace[] \OT1/txr/m/n/12.045 = \OMS/txsy/m/n/12.045 f\OML/txmi/m
/it/12.045 Sep[]trace[]; :::; Sep[]trace[]\OMS/txsy/m/n/12.045 g$\xeCJK@song/m/
n/12.045 |
 []


Overfull \hbox (3.09387pt too wide) in paragraph at lines 718--720
\xeCJK@song/m/n/12.045         |     
       $\OML/txmi/m/it/12.045 Ntrace[]$\EU1/TimesNewRoman(
0)/m/n/12.045 ,$\OML/txmi/m/it/12.045 Ntrace[] \OT1/txr/m/n/12.045 = \OMS/txsy/
m/n/12.045 f\OML/txmi/m/it/12.045 Ntrace[]; :::; [] 
 []

[46] [47] [48]
Missing character: There is no  in font txr!
Missing character: There is no  in font txr!
Missing character: There is no  in font txr!
Missing character: There is no  in font txr!

Underfull \vbox (badness 10000) has occurred while \output is active []

 [49]
Underfull \vbox (badness 10000) has occurred while \output is active []

 [50]
[51] [52

] [53


] [54] [55]
File: figures/figure5_1.jpg Graphic file (type QTm)
 <use  "figures/figure5_1.jpg" >
File: figures/figure5_2.jpg Graphic file (type QTm)

<use  "figures/figure5_2.jpg" > [56]
Underfull \vbox (badness 10000) has occurred while \output is active []

 [57]
Underfull \hbox (badness 10000) in alignment at lines 940--979
[][] 
 []


Underfull \vbox (badness 10000) has occurred while \output is active []

 [58]
[59]

LaTeX Warning: Text page 60 contains only floats.


Underfull \vbox (badness 10000) has occurred while \output is active []

 [60]
Underfull \vbox (badness 10000) has occurred while \output is active []

 [61]
File: figures/figure5_3.png Graphic file (type QTm)

<use  "figures/figure5_3.png" >
File: figures/figure5_4.png Graphic file (type QTm)
 <use  "figures/figure5_4.png" >
File: figures/figure5_5.png Graphic file (type QTm)

<use  "figures/figure5_5.png" >
Underfull \vbox (badness 10000) has occurred while \output is active []

 [62]
Underfull \vbox (badness 10000) has occurred while \output is active []

 [63]
Underfull \vbox (badness 10000) has occurred while \output is active []

 [64]
Underfull \vbox (badness 10000) has occurred while \output is active []

 [65]
File: figures/figure5_6.png Graphic file (type QTm)

<use  "figures/figure5_6.png" >
Underfull \vbox (badness 10000) has occurred while \output is active []

 [66]
Underfull \vbox (badness 10000) has occurred while \output is active []

 [67]
File: figures/figure5_7.png Graphic file (type QTm)

<use  "figures/figure5_7.png" >
Underfull \vbox (badness 10000) has occurred while \output is active []

 [68]
Underfull \vbox (badness 10000) has occurred while \output is active []

 [69]
Underfull \vbox (badness 10000) has occurred while \output is active []

 [70]
[71] [72

] [73


]) (E:\Research_Study\nudtPaper\data/ack.tex
Underfull \vbox (badness 10000) has occurred while \output is active []

 [74]
[75] [76

]
Underfull \vbox (badness 10000) has occurred while \output is active []

 [77

]

LaTeX Font Warning: Font shape `EU1/TimesNewRoman(0)/m/sc' undefined
(Font)              using `EU1/TimesNewRoman(0)/m/n' instead on input line 14.

) [78] (E:\Research_Study\nudtPaper\thesis.bbl [79


] [80] [81]
Underfull \hbox (badness 3189) in paragraph at lines 289--293
[]\EU1/TimesNewRoman(0)/m/sc/12.045 Singelis T M. The measurement of independen
t and interdependent self-
 []


Underfull \hbox (badness 3302) in paragraph at lines 325--329
[]\EU1/TimesNewRoman(0)/m/sc/12.045 wiki. Inversion. [][]$[][][][] [] [] [] [][
] [] [][][][][][][][][] [] [][][] [] [] [] [][][][][] [] [][][] [] [][][][][] [
]
 []

) (E:\Research_Study\nudtPaper\data/resume.tex [82]) [83

] [84

]
\tf@thm=\write8
Package atveryend Info: Empty hook `BeforeClearDocument' on input line 107.
Package atveryend Info: Empty hook `AfterLastShipout' on input line 107.

(E:\Research_Study\nudtPaper\thesis.aux)
Package atveryend Info: Empty hook `AtVeryEndDocument' on input line 107.
Package atveryend Info: Empty hook `AtEndAfterFileList' on input line 107.


LaTeX Font Warning: Some font shapes were not available, defaults substituted.


LaTeX Warning: There were multiply-defined labels.

 ) 
Here is how much of TeX's memory you used:
 27244 strings out of 430478
 492154 string characters out of 3191503
 572370 words of memory out of 3000000
 29855 multiletter control sequences out of 15000+200000
 68198 words of font info for 267 fonts, out of 3000000 for 9000
 14 hyphenation exceptions out of 8191
 51i,18n,85p,1493b,964s stack positions out of 5000i,500n,10000p,200000b,50000s

Output written on thesis.pdf (100 pages).
